[    0.000000] Initializing cgroup subsys cpuset
[    0.000000] Initializing cgroup subsys cpu
[    0.000000] Initializing cgroup subsys cpuacct
[    0.000000] Linux version 4.4.0-83-generic (buildd@lgw01-29) (gcc version 5.4.0 20160609 (Ubuntu 5.4.0-6ubuntu1~16.04.4) ) #106-Ubuntu SMP Mon Jun 26 17:54:43 UTC 2017 (Ubuntu 4.4.0-83.106-generic 4.4.70)
[    0.000000] Command line: BOOT_IMAGE=/boot/vmlinuz-4.4.0-83-generic root=LABEL=cloudimg-rootfs ro console=tty1 console=ttyS0
[    0.000000] KERNEL supported cpus:
[    0.000000]   Intel GenuineIntel
[    0.000000]   AMD AuthenticAMD
[    0.000000]   Centaur CentaurHauls
[    0.000000] x86/fpu: Legacy x87 FPU detected.
[    0.000000] x86/fpu: Using 'lazy' FPU context switches.
[    0.000000] e820: BIOS-provided physical RAM map:
[    0.000000] BIOS-e820: [mem 0x0000000000000000-0x000000000009fbff] usable
[    0.000000] BIOS-e820: [mem 0x000000000009fc00-0x000000000009ffff] reserved
[    0.000000] BIOS-e820: [mem 0x00000000000f0000-0x00000000000fffff] reserved
[    0.000000] BIOS-e820: [mem 0x0000000000100000-0x000000003ffeffff] usable
[    0.000000] BIOS-e820: [mem 0x000000003fff0000-0x000000003fffffff] ACPI data
[    0.000000] BIOS-e820: [mem 0x00000000fec00000-0x00000000fec00fff] reserved
[    0.000000] BIOS-e820: [mem 0x00000000fee00000-0x00000000fee00fff] reserved
[    0.000000] BIOS-e820: [mem 0x00000000fffc0000-0x00000000ffffffff] reserved
[    0.000000] NX (Execute Disable) protection: active
[    0.000000] SMBIOS 2.5 present.
[    0.000000] Hypervisor detected: KVM
[    0.000000] e820: last_pfn = 0x3fff0 max_arch_pfn = 0x400000000
[    0.000000] MTRR: Disabled
[    0.000000] x86/PAT: MTRRs disabled, skipping PAT initialization too.
[    0.000000] x86/PAT: Configuration [0-7]: WB  WT  UC- UC  WB  WT  UC- UC  
[    0.000000] CPU MTRRs all blank - virtualized system.
[    0.000000] found SMP MP-table at [mem 0x0009fff0-0x0009ffff] mapped at [ffff88000009fff0]
[    0.000000] Scanning 1 areas for low memory corruption
[    0.000000] RAMDISK: [mem 0x36aee000-0x3756efff]
[    0.000000] ACPI: Early table checksum verification disabled
[    0.000000] ACPI: RSDP 0x00000000000E0000 000024 (v02 VBOX  )
[    0.000000] ACPI: XSDT 0x000000003FFF0030 00003C (v01 VBOX   VBOXXSDT 00000001 ASL  00000061)
[    0.000000] ACPI: FACP 0x000000003FFF00F0 0000F4 (v04 VBOX   VBOXFACP 00000001 ASL  00000061)
[    0.000000] ACPI: DSDT 0x000000003FFF0470 0021C8 (v02 VBOX   VBOXBIOS 00000002 INTL 20100528)
[    0.000000] ACPI: FACS 0x000000003FFF0200 000040
[    0.000000] ACPI: FACS 0x000000003FFF0200 000040
[    0.000000] ACPI: APIC 0x000000003FFF0240 00005C (v02 VBOX   VBOXAPIC 00000001 ASL  00000061)
[    0.000000] ACPI: SSDT 0x000000003FFF02A0 0001CC (v01 VBOX   VBOXCPUT 00000002 INTL 20100528)
[    0.000000] No NUMA configuration found
[    0.000000] Faking a node at [mem 0x0000000000000000-0x000000003ffeffff]
[    0.000000] NODE_DATA(0) allocated [mem 0x3ffeb000-0x3ffeffff]
[    0.000000] kvm-clock: Using msrs 4b564d01 and 4b564d00
[    0.000000] kvm-clock: cpu 0, msr 0:3ffe3001, primary cpu clock
[    0.000000] kvm-clock: using sched offset of 3824851775 cycles
[    0.000000] clocksource: kvm-clock: mask: 0xffffffffffffffff max_cycles: 0x1cd42e4dffb, max_idle_ns: 881590591483 ns
[    0.000000] Zone ranges:
[    0.000000]   DMA      [mem 0x0000000000001000-0x0000000000ffffff]
[    0.000000]   DMA32    [mem 0x0000000001000000-0x000000003ffeffff]
[    0.000000]   Normal   empty
[    0.000000]   Device   empty
[    0.000000] Movable zone start for each node
[    0.000000] Early memory node ranges
[    0.000000]   node   0: [mem 0x0000000000001000-0x000000000009efff]
[    0.000000]   node   0: [mem 0x0000000000100000-0x000000003ffeffff]
[    0.000000] Initmem setup node 0 [mem 0x0000000000001000-0x000000003ffeffff]
[    0.000000] ACPI: PM-Timer IO Port: 0x4008
[    0.000000] IOAPIC[0]: apic_id 2, version 32, address 0xfec00000, GSI 0-23
[    0.000000] ACPI: INT_SRC_OVR (bus 0 bus_irq 0 global_irq 2 dfl dfl)
[    0.000000] ACPI: INT_SRC_OVR (bus 0 bus_irq 9 global_irq 9 high level)
[    0.000000] Using ACPI (MADT) for SMP configuration information
[    0.000000] smpboot: Allowing 2 CPUs, 0 hotplug CPUs
[    0.000000] PM: Registered nosave memory: [mem 0x00000000-0x00000fff]
[    0.000000] PM: Registered nosave memory: [mem 0x0009f000-0x0009ffff]
[    0.000000] PM: Registered nosave memory: [mem 0x000a0000-0x000effff]
[    0.000000] PM: Registered nosave memory: [mem 0x000f0000-0x000fffff]
[    0.000000] e820: [mem 0x40000000-0xfebfffff] available for PCI devices
[    0.000000] Booting paravirtualized kernel on KVM
[    0.000000] clocksource: refined-jiffies: mask: 0xffffffff max_cycles: 0xffffffff, max_idle_ns: 7645519600211568 ns
[    0.000000] setup_percpu: NR_CPUS:512 nr_cpumask_bits:512 nr_cpu_ids:2 nr_node_ids:1
[    0.000000] PERCPU: Embedded 33 pages/cpu @ffff88003fc00000 s98264 r8192 d28712 u1048576
[    0.000000] PV qspinlock hash table entries: 256 (order: 0, 4096 bytes)
[    0.000000] Built 1 zonelists in Node order, mobility grouping on.  Total pages: 257913
[    0.000000] Policy zone: DMA32
[    0.000000] Kernel command line: BOOT_IMAGE=/boot/vmlinuz-4.4.0-83-generic root=LABEL=cloudimg-rootfs ro console=tty1 console=ttyS0
[    0.000000] PID hash table entries: 4096 (order: 3, 32768 bytes)
[    0.000000] Memory: 1001820K/1048120K available (8469K kernel code, 1294K rwdata, 3984K rodata, 1488K init, 1316K bss, 46300K reserved, 0K cma-reserved)
[    0.000000] SLUB: HWalign=64, Order=0-3, MinObjects=0, CPUs=2, Nodes=1
[    0.000000] Hierarchical RCU implementation.
[    0.000000] 	Build-time adjustment of leaf fanout to 64.
[    0.000000] 	RCU restricting CPUs from NR_CPUS=512 to nr_cpu_ids=2.
[    0.000000] RCU: Adjusting geometry for rcu_fanout_leaf=64, nr_cpu_ids=2
[    0.000000] NR_IRQS:33024 nr_irqs:440 16
[    0.000000] Console: colour VGA+ 80x25
[    0.000000] console [tty1] enabled
[    0.000000] console [ttyS0] enabled
[    0.000000] tsc: Detected 2494.346 MHz processor
[    0.652631] Calibrating delay loop (skipped) preset value.. 4988.69 BogoMIPS (lpj=9977384)
[    0.658578] pid_max: default: 32768 minimum: 301
[    0.661410] ACPI: Core revision 20150930
[    0.665076] ACPI: 2 ACPI AML tables successfully acquired and loaded
[    0.687486] Security Framework initialized
[    0.690482] Yama: becoming mindful.
[    0.692911] AppArmor: AppArmor initialized
[    0.695691] Dentry cache hash table entries: 131072 (order: 8, 1048576 bytes)
[    0.706347] Inode-cache hash table entries: 65536 (order: 7, 524288 bytes)
[    0.714317] Mount-cache hash table entries: 2048 (order: 2, 16384 bytes)
[    0.718251] Mountpoint-cache hash table entries: 2048 (order: 2, 16384 bytes)
[    0.734281] Initializing cgroup subsys io
[    0.736863] Initializing cgroup subsys memory
[    0.739624] Initializing cgroup subsys devices
[    0.751591] Initializing cgroup subsys freezer
[    0.754422] Initializing cgroup subsys net_cls
[    0.757158] Initializing cgroup subsys perf_event
[    0.760042] Initializing cgroup subsys net_prio
[    0.773064] Initializing cgroup subsys hugetlb
[    0.796692] Initializing cgroup subsys pids
[    0.799847] CPU: Physical Processor ID: 0
[    0.819263] CPU: Processor Core ID: 0
[    0.821749] mce: CPU supports 0 MCE banks
[    0.824488] Last level iTLB entries: 4KB 512, 2MB 8, 4MB 8
[    0.829765] Last level dTLB entries: 4KB 512, 2MB 32, 4MB 32, 1GB 0
[    0.845099] Freeing SMP alternatives memory: 32K (ffffffff820b9000 - ffffffff820c1000)
[    0.914920] ftrace: allocating 32129 entries in 126 pages
[    1.146346] smpboot: APIC(0) Converting physical 0 to logical package 0
[    1.167018] smpboot: Max logical packages: 1
[    1.186874] x2apic enabled
[    1.192708] Switched APIC routing to physical x2apic.
[    1.199616] ..TIMER: vector=0x30 apic1=0 pin1=2 apic2=-1 pin2=-1
[    1.358231] smpboot: CPU0: Intel(R) Core(TM) i5-2450M CPU @ 2.50GHz (family: 0x6, model: 0x2a, stepping: 0x7)
[    1.375332] Performance Events: unsupported p6 CPU model 42 no PMU driver, software events only.
[    1.381155] KVM setup paravirtual spinlock
[    1.384584] x86: Booting SMP configuration:
[    1.387200] .... node  #0, CPUs:      #1
[    1.390011] kvm-clock: cpu 1, msr 0:3ffe3041, secondary cpu clock
[    1.398540] mce: CPU supports 0 MCE banks
[    1.402094] x86: Booted up 1 node, 2 CPUs
[    1.416615] smpboot: Total of 2 processors activated (9977.38 BogoMIPS)
[    1.432381] devtmpfs: initialized
[    1.440233] evm: security.selinux
[    1.444337] evm: security.SMACK64
[    1.446671] evm: security.SMACK64EXEC
[    1.449208] evm: security.SMACK64TRANSMUTE
[    1.451891] evm: security.SMACK64MMAP
[    1.454306] evm: security.ima
[    1.456510] evm: security.capability
[    1.460488] clocksource: jiffies: mask: 0xffffffff max_cycles: 0xffffffff, max_idle_ns: 7645041785100000 ns
[    1.466109] futex hash table entries: 512 (order: 3, 32768 bytes)
[    1.481954] pinctrl core: initialized pinctrl subsystem
[    1.485243] RTC time: 10:14:47, date: 07/22/17
[    1.492463] NET: Registered protocol family 16
[    1.507991] cpuidle: using governor ladder
[    1.543601] cpuidle: using governor menu
[    1.551802] PCCT header not found.
[    1.554249] ACPI: bus type PCI registered
[    1.556801] acpiphp: ACPI Hot Plug PCI Controller Driver version: 0.5
[    1.560582] PCI: Using configuration type 1 for base access
[    1.577512] ACPI: Added _OSI(Module Device)
[    1.597768] ACPI: Added _OSI(Processor Device)
[    1.600774] ACPI: Added _OSI(3.0 _SCP Extensions)
[    1.605477] ACPI: Added _OSI(Processor Aggregator Device)
[    1.610400] ACPI: Executed 1 blocks of module-level executable AML code
[    1.619599] ACPI: Interpreter enabled
[    1.622584] ACPI: (supports S0 S5)
[    1.625627] ACPI: Using IOAPIC for interrupt routing
[    1.630152] PCI: Using host bridge windows from ACPI; if necessary, use "pci=nocrs" and report a bug
[    1.642628] ACPI: PCI Root Bridge [PCI0] (domain 0000 [bus 00-ff])
[    1.646591] acpi PNP0A03:00: _OSC: OS supports [ASPM ClockPM Segments MSI]
[    1.650390] acpi PNP0A03:00: _OSC failed (AE_NOT_FOUND); disabling ASPM
[    1.654373] acpi PNP0A03:00: fail to add MMCONFIG information, can't access extended PCI configuration space under this bridge.
[    1.663566] PCI host bridge to bus 0000:00
[    1.666507] pci_bus 0000:00: root bus resource [io  0x0000-0x0cf7 window]
[    1.670698] pci_bus 0000:00: root bus resource [io  0x0d00-0xffff window]
[    1.710995] pci_bus 0000:00: root bus resource [mem 0x000a0000-0x000bffff window]
[    1.715741] pci_bus 0000:00: root bus resource [mem 0x40000000-0xffdfffff window]
[    1.724967] pci_bus 0000:00: root bus resource [bus 00-ff]
[    1.732771] pci 0000:00:01.1: legacy IDE quirk: reg 0x10: [io  0x01f0-0x01f7]
[    1.736661] pci 0000:00:01.1: legacy IDE quirk: reg 0x14: [io  0x03f6]
[    1.740266] pci 0000:00:01.1: legacy IDE quirk: reg 0x18: [io  0x0170-0x0177]
[    1.744083] pci 0000:00:01.1: legacy IDE quirk: reg 0x1c: [io  0x0376]
[    1.781205] pci 0000:00:07.0: quirk: [io  0x4000-0x403f] claimed by PIIX4 ACPI
[    1.793703] pci 0000:00:07.0: quirk: [io  0x4100-0x410f] claimed by PIIX4 SMB
[    1.817152] ACPI: PCI Interrupt Link [LNKA] (IRQs 5 9 10 *11)
[    1.830814] ACPI: PCI Interrupt Link [LNKB] (IRQs 5 9 10 *11)
[    1.837696] ACPI: PCI Interrupt Link [LNKC] (IRQs 5 9 *10 11)
[    1.843100] ACPI: PCI Interrupt Link [LNKD] (IRQs 5 *9 10 11)
[    1.848490] ACPI: Enabled 2 GPEs in block 00 to 07
[    1.858480] vgaarb: setting as boot device: PCI:0000:00:02.0
[    1.861661] vgaarb: device added: PCI:0000:00:02.0,decodes=io+mem,owns=io+mem,locks=none
[    1.904188] vgaarb: loaded
[    1.906272] vgaarb: bridge control possible 0000:00:02.0
[    1.909849] SCSI subsystem initialized
[    1.912624] ACPI: bus type USB registered
[    1.915229] usbcore: registered new interface driver usbfs
[    1.918514] usbcore: registered new interface driver hub
[    1.930870] usbcore: registered new device driver usb
[    1.934301] PCI: Using ACPI for IRQ routing
[    1.937678] NetLabel: Initializing
[    1.950571] NetLabel:  domain hash size = 128
[    1.953379] NetLabel:  protocols = UNLABELED CIPSOv4
[    1.956380] NetLabel:  unlabeled traffic allowed by default
[    1.959773] amd_nb: Cannot enumerate AMD northbridges
[    1.962872] clocksource: Switched to clocksource kvm-clock
[    1.981539] AppArmor: AppArmor Filesystem Enabled
[    1.985868] pnp: PnP ACPI init
[    1.989407] pnp: PnP ACPI: found 3 devices
[    2.005887] clocksource: acpi_pm: mask: 0xffffff max_cycles: 0xffffff, max_idle_ns: 2085701024 ns
[    2.011181] NET: Registered protocol family 2
[    2.014112] TCP established hash table entries: 8192 (order: 4, 65536 bytes)
[    2.018125] TCP bind hash table entries: 8192 (order: 5, 131072 bytes)
[    2.021775] TCP: Hash tables configured (established 8192 bind 8192)
[    2.029777] UDP hash table entries: 512 (order: 2, 16384 bytes)
[    2.034217] UDP-Lite hash table entries: 512 (order: 2, 16384 bytes)
[    2.037896] NET: Registered protocol family 1
[    2.060515] pci 0000:00:00.0: Limiting direct PCI/PCI transfers
[    2.071523] pci 0000:00:01.0: Activating ISA DMA hang workarounds
[    2.075279] Unpacking initramfs...
[    4.060136] Freeing initrd memory: 10756K (ffff880036aee000 - ffff88003756f000)
[    4.067201] RAPL PMU detected, API unit is 2^-32 Joules, 3 fixed counters 10737418240 ms ovfl timer
[    4.090476] hw unit of domain pp0-core 2^-0 Joules
[    4.100982] hw unit of domain package 2^-0 Joules
[    4.108855] hw unit of domain pp1-gpu 2^-0 Joules
[    4.111976] platform rtc_cmos: registered platform RTC device (no PNP device found)
[    4.116832] Scanning for low memory corruption every 60 seconds
[    4.144028] audit: initializing netlink subsys (disabled)
[    4.155869] audit: type=2000 audit(1500718494.125:1): initialized
[    4.159513] Initialise system trusted keyring
[    4.162549] HugeTLB registered 2 MB page size, pre-allocated 0 pages
[    4.168783] zbud: loaded
[    4.176953] VFS: Disk quotas dquot_6.6.0
[    4.192604] VFS: Dquot-cache hash table entries: 512 (order 0, 4096 bytes)
[    4.203119] squashfs: version 4.0 (2009/01/31) Phillip Lougher
[    4.227526] fuse init (API version 7.23)
[    4.230200] Key type big_key registered
[    4.232824] Allocating IMA MOK and blacklist keyrings.
[    4.238019] Key type asymmetric registered
[    4.240661] Asymmetric key parser 'x509' registered
[    4.249823] Block layer SCSI generic (bsg) driver version 0.4 loaded (major 249)
[    4.254644] io scheduler noop registered
[    4.284536] io scheduler deadline registered (default)
[    4.314961] io scheduler cfq registered
[    4.329486] pci_hotplug: PCI Hot Plug PCI Core version: 0.5
[    4.332768] pciehp: PCI Express Hot Plug Controller Driver version: 0.4
[    4.336532] ACPI: AC Adapter [AC] (on-line)
[    4.339213] input: Power Button as /devices/LNXSYSTM:00/LNXPWRBN:00/input/input0
[    4.344090] ACPI: Power Button [PWRF]
[    4.346704] input: Sleep Button as /devices/LNXSYSTM:00/LNXSLPBN:00/input/input1
[    4.356538] ACPI: Sleep Button [SLPF]
[    4.360385] ACPI: Battery Slot [BAT0] (battery present)
[    4.365403] GHES: HEST is not enabled!
[    4.368086] Serial: 8250/16550 driver, 32 ports, IRQ sharing enabled
[    4.397080] 00:02: ttyS0 at I/O 0x3f8 (irq = 4, base_baud = 115200) is a 16550A
[    4.403242] Linux agpgart interface v0.103
[    4.408674] loop: module loaded
[    4.427192] scsi host0: ata_piix
[    4.429792] scsi host1: ata_piix
[    4.432152] ata1: PATA max UDMA/33 cmd 0x1f0 ctl 0x3f6 bmdma 0xd000 irq 14
[    4.435972] ata2: PATA max UDMA/33 cmd 0x170 ctl 0x376 bmdma 0xd008 irq 15
[    4.444790] libphy: Fixed MDIO Bus: probed
[    4.451444] tun: Universal TUN/TAP device driver, 1.6
[    4.454568] tun: (C) 1999-2004 Max Krasnyansky <maxk@qualcomm.com>
[    4.458090] PPP generic driver version 2.4.2
[    4.461167] ehci_hcd: USB 2.0 'Enhanced' Host Controller (EHCI) Driver
[    4.464869] ehci-pci: EHCI PCI platform driver
[    4.488293] ehci-platform: EHCI generic platform driver
[    4.522883] ohci_hcd: USB 1.1 'Open' Host Controller (OHCI) Driver
[    4.577206] ohci-pci: OHCI PCI platform driver
[    4.582248] ohci-platform: OHCI generic platform driver
[    4.585367] uhci_hcd: USB Universal Host Controller Interface driver
[    4.588990] i8042: PNP: PS/2 Controller [PNP0303:PS2K,PNP0f03:PS2M] at 0x60,0x64 irq 1,12
[    4.595450] serio: i8042 KBD port at 0x60,0x64 irq 1
[    4.624731] serio: i8042 AUX port at 0x60,0x64 irq 12
[    4.627905] mousedev: PS/2 mouse device common for all mice
[    4.632252] rtc_cmos rtc_cmos: rtc core: registered rtc_cmos as rtc0
[    4.636014] input: AT Translated Set 2 keyboard as /devices/platform/i8042/serio0/input/input2
[    4.657689] rtc_cmos rtc_cmos: alarms up to one day, 114 bytes nvram
[    4.661411] i2c /dev entries driver
[    4.666065] device-mapper: uevent: version 1.0.3
[    4.669117] device-mapper: ioctl: 4.34.0-ioctl (2015-10-28) initialised: dm-devel@redhat.com
[    4.674234] ledtrig-cpu: registered to indicate activity on CPUs
[    4.678308] NET: Registered protocol family 10
[    4.693772] NET: Registered protocol family 17
[    4.696599] Key type dns_resolver registered
[    4.699540] microcode: CPU0 sig=0x206a7, pf=0x10, revision=0x0
[    4.702926] microcode: CPU1 sig=0x206a7, pf=0x10, revision=0x0
[    4.707038] microcode: Microcode Update Driver: v2.01 <tigran@aivazian.fsnet.co.uk>, Peter Oruba
[    4.718954] registered taskstats version 1
[    4.733076] Loading compiled-in X.509 certificates
[    4.740275] Loaded X.509 cert 'Build time autogenerated kernel key: 35105354eb779045e4d9ad793dead39d5ee93f76'
[    4.753052] zswap: loaded using pool lzo/zbud
[    4.758274] Key type trusted registered
[    4.765374] Key type encrypted registered
[    4.773488] AppArmor: AppArmor sha1 policy hashing enabled
[    4.778607] ima: No TPM chip found, activating TPM-bypass!
[    4.782145] evm: HMAC attrs: 0x1
[    4.785423]   Magic number: 9:885:224
[    4.788318] rtc_cmos rtc_cmos: setting system clock to 2017-07-22 10:14:50 UTC (1500718490)
[    4.795506] BIOS EDD facility v0.16 2004-Jun-25, 0 devices found
[    4.799698] EDD information not available.
[    4.805442] Freeing unused kernel memory: 1488K (ffffffff81f45000 - ffffffff820b9000)
[    4.811361] Write protecting the kernel read-only data: 14336k
[    4.816345] Freeing unused kernel memory: 1760K (ffff880001848000 - ffff880001a00000)
[    4.825827] Freeing unused kernel memory: 112K (ffff880001de4000 - ffff880001e00000)
Loading, please wait...
starting version[    4.851387] random: systemd-udevd: uninitialized urandom read (16 bytes read, 3 bits of entropy available)
 229
[    4.852017] random: udevadm: uninitialized urandom read (16 bytes read, 3 bits of entropy available)
[    4.852111] random: udevadm: uninitialized urandom read (16 bytes read, 3 bits of entropy available)
[    4.852334] random: udevadm: uninitialized urandom read (16 bytes read, 3 bits of entropy available)
[    4.852420] random: udevadm: uninitialized urandom read (16 bytes read, 3 bits of entropy available)
[    4.852513] random: udevadm: uninitialized urandom read (16 bytes read, 3 bits of entropy available)
[    4.852598] random: udevadm: uninitialized urandom read (16 bytes read, 3 bits of entropy available)
[    4.852684] random: udevadm: uninitialized urandom read (16 bytes read, 3 bits of entropy available)
[    4.852769] random: udevadm: uninitialized urandom read (16 bytes read, 3 bits of entropy available)
[    4.852851] random: udevadm: uninitialized urandom read (16 bytes read, 3 bits of entropy available)
[    4.930859] Fusion MPT base driver 3.04.20
[    4.933806] Copyright (c) 1999-2008 LSI Corporation
[    4.937668] e1000: Intel(R) PRO/1000 Network Driver - version 7.3.21-k8-NAPI
[    4.948723] e1000: Copyright (c) 1999-2006 Intel Corporation.
[    4.965186] Fusion MPT SPI Host driver 3.04.20
[    4.981544] SSE version of gcm_enc/dec engaged.
[    5.204330] input: ImExPS/2 Generic Explorer Mouse as /devices/platform/i8042/serio1/input/input4
[    5.431741] e1000 0000:00:03.0 eth0: (PCI:33MHz:32-bit) 02:d7:1c:16:c9:17
[    5.511255] e1000 0000:00:03.0 eth0: Intel(R) PRO/1000 Network Connection
[    5.516031] mptbase: ioc0: Initiating bringup
[    5.605825] ioc0: LSI53C1030 A0: Capabilities={Initiator}
[    5.798162] scsi host2: ioc0: LSI53C1030 A0, FwRev=00000000h, Ports=1, MaxQ=256, IRQ=20
[    5.921355] scsi 2:0:0:0: Direct-Access     VBOX     HARDDISK         1.0  PQ: 0 ANSI: 5
[    5.933307] scsi target2:0:0: Beginning Domain Validation
[    5.941667] scsi target2:0:0: Domain Validation skipping write tests
[    5.946129] scsi target2:0:0: Ending Domain Validation
[    5.950509] scsi target2:0:0: asynchronous
[    5.958358] scsi 2:0:1:0: Direct-Access     VBOX     HARDDISK         1.0  PQ: 0 ANSI: 5
[    5.975522] scsi target2:0:1: Beginning Domain Validation
[    6.005172] scsi target2:0:1: Domain Validation skipping write tests
[    6.009041] scsi target2:0:1: Ending Domain Validation
[    6.012472] scsi target2:0:1: asynchronous
[    6.032233] sd 2:0:0:0: [sda] 20971520 512-byte logical blocks: (10.7 GB/10.0 GiB)
[    6.074698] sd 2:0:0:0: Attached scsi generic sg0 type 0
[    6.079034] sd 2:0:1:0: Attached scsi generic sg1 type 0
[    6.083741] sd 2:0:0:0: [sda] Write Protect is off
[    6.087402] sd 2:0:1:0: [sdb] 20480 512-byte logical blocks: (10.5 MB/10.0 MiB)
[    6.092968] sd 2:0:0:0: [sda] Incomplete mode parameter data
[    6.096541] sd 2:0:0:0: [sda] Assuming drive cache: write through
[    6.100705] sd 2:0:1:0: [sdb] Write Protect is off
[    6.104497] sd 2:0:1:0: [sdb] Incomplete mode parameter data
[    6.108094] sd 2:0:1:0: [sdb] Assuming drive cache: write through
[    6.141142]  sda: sda1
[    6.144897] sd 2:0:0:0: [sda] Attached SCSI disk
[    6.162306] sd 2:0:1:0: [sdb] Attached SCSI disk
[    6.426583] e1000 0000:00:08.0 eth1: (PCI:33MHz:32-bit) 08:00:27:d4:f4:ac
[    6.456439] e1000 0000:00:08.0 eth1: Intel(R) PRO/1000 Network Connection
[    6.463013] e1000 0000:00:03.0 enp0s3: renamed from eth0
[    6.479743] e1000 0000:00:08.0 enp0s8: renamed from eth1
[    7.976310] floppy0: no floppy controllers found
Begin: Loading e[   10.081734] md: linear personality registered for level -1
ssential drivers ... [   10.091230] md: multipath personality registered for level -4
[   10.110380] md: raid0 personality registered for level 0
[   10.143471] md: raid1 personality registered for level 1
[   10.219365] raid6: sse2x1   gen()  7030 MB/s
[   10.286927] raid6: sse2x1   xor()  5653 MB/s
[   10.359617] raid6: sse2x2   gen()  9765 MB/s
[   10.430954] raid6: sse2x2   xor()  7024 MB/s
[   10.502936] raid6: sse2x4   gen() 11208 MB/s
[   10.599619] raid6: sse2x4   xor()  8312 MB/s
[   10.624749] raid6: using algorithm sse2x4 gen() 11208 MB/s
[   10.665170] raid6: .... xor() 8312 MB/s, rmw enabled
[   10.688759] raid6: using ssse3x2 recovery algorithm
[   10.695649] xor: measuring software checksum speed
[   10.747701]    prefetch64-sse: 15268.000 MB/sec
[   10.811252]    generic_sse: 12042.000 MB/sec
[   10.839084] xor: using function: prefetch64-sse (15268.000 MB/sec)
[   10.886535] async_tx: api initialized (async)
[   10.910642] md: raid6 personality registered for level 6
[   10.926178] md: raid5 personality registered for level 5
[   10.951981] md: raid4 personality registered for level 4
[   10.966294] md: raid10 personality registered for level 10
done.
Begin: Running /scripts/init-premount ... done.
Begin: Mounting root file system ... Begin: Running /scripts/local-top ... done.
Begin: Running /scripts/local-premount ... [   11.019164] Btrfs loaded
Scanning for Btrfs filesystems
done.
Warning: fsck not present, so skipping root file system
[   11.200892] EXT4-fs (sda1): mounted filesystem with ordered data mode. Opts: (null)
done.
Begin: Running /scripts/local-bottom ... done.
Begin: Running /scripts/init-bottom ... done.
[   12.069418] random: nonblocking pool is initialized
[   12.240663] systemd[1]: systemd 229 running in system mode. (+PAM +AUDIT +SELINUX +IMA +APPARMOR +SMACK +SYSVINIT +UTMP +LIBCRYPTSETUP +GCRYPT +GNUTLS +ACL +XZ -LZ4 +SECCOMP +BLKID +ELFUTILS +KMOD -IDN)
[   12.327948] systemd[1]: Detected virtualization oracle.
[   12.331270] systemd[1]: Detected architecture x86-64.

Welcome to [1mUbuntu 16.04.2 LTS[0m!

[   12.374218] systemd[1]: Set hostname to <ubuntu-xenial>.
[   13.152351] clocksource: tsc: mask: 0xffffffffffffffff max_cycles: 0x23f45cd4443, max_idle_ns: 440795305613 ns
[   13.475452] systemd[1]: Reached target User and Group Name Lookups.
[[0;32m  OK  [0m] Reached target User and Group Name Lookups.
[   13.506509] systemd[1]: Listening on /dev/initctl Compatibility Named Pipe.
[[0;32m  OK  [0m] Listening on /dev/initctl Compatibility Named Pipe.
[   13.517173] systemd[1]: Started Trigger resolvconf update for networkd DNS.
[[0;32m  OK  [0m] Started Trigger resolvconf update for networkd DNS.
[   13.525150] systemd[1]: Listening on LVM2 metadata daemon socket.
[[0;32m  OK  [0m] Listening on LVM2 metadata daemon socket.
[   13.579836] systemd[1]: Set up automount Arbitrary Executable File Formats File System Automount Point.
[[0;32m  OK  [0m] Set up automount Arbitrary Executab...ats File System Automount Point.
[   13.593273] systemd[1]: Created slice User and Session Slice.
[[0;32m  OK  [0m] Created slice User and Session Slice.
[   13.612582] systemd[1]: Listening on Journal Audit Socket.
[[0;32m  OK  [0m] Listening on Journal Audit Socket.
[   13.627641] systemd[1]: Listening on Device-mapper event daemon FIFOs.
[[0;32m  OK  [0m] Listening on Device-mapper event daemon FIFOs.
[   13.734042] systemd[1]: Listening on Journal Socket.
[[0;32m  OK  [0m] Listening on Journal Socket.
[   13.740577] systemd[1]: Reached target Encrypted Volumes.
[[0;32m  OK  [0m] Reached target Encrypted Volumes.
[   13.760073] systemd[1]: Listening on udev Control Socket.
[[0;32m  OK  [0m] Listening on udev Control Socket.
[   13.835559] systemd[1]: Started Forward Password Requests to Wall Directory Watch.
[[0;32m  OK  [0m] Started Forward Password Requests to Wall Directory Watch.
[   13.844437] systemd[1]: Reached target Swap.
[[0;32m  OK  [0m] Reached target Swap.
[   13.874342] systemd[1]: Listening on Journal Socket (/dev/log).
[[0;32m  OK  [0m] Listening on Journal Socket (/dev/log).
[   13.881258] systemd[1]: Listening on Syslog Socket.
[[0;32m  OK  [0m] Listening on Syslog Socket.
[   13.903499] systemd[1]: Created slice System Slice.
[[0;32m  OK  [0m] Created slice System Slice.
[   13.923265] systemd[1]: Mounting POSIX Message Queue File System...
         Mounting POSIX Message Queue File System...
[   14.039739] systemd[1]: Mounting Huge Pages File System...
         Mounting Huge Pages File System...
[   14.081347] systemd[1]: Reached target Slices.
[[0;32m  OK  [0m] Reached target Slices.
[   14.088867] systemd[1]: Created slice system-serial\x2dgetty.slice.
[[0;32m  OK  [0m] Created slice system-serial\x2dgetty.slice.
[   14.159773] systemd[1]: Starting Journal Service...
         Starting Journal Service...
[   14.181110] systemd[1]: Starting Remount Root and Kernel File Systems...
         Starting Remount Root and Kernel File Systems...
[   14.197793] systemd[1]: Starting Nameserver information manager...
         Starting Nameser[   14.229873] EXT4-fs (sda1): re-mounted. Opts: (null)
ver information manager...
[   14.303386] systemd[1]: Starting Uncomplicated firewall...
         Starting Uncomplicated firewall...
[   14.318425] systemd[1]: Starting Set console keymap...
         Starting Set console keymap...
[   14.371323] systemd[1]: Starting Monitoring of LVM2 mirrors, snapshots etc. using dmeventd or progress polling...
         Starting Monitoring of LVM2 mirrors... dmeventd or progress polling...
[   14.479318] systemd[1]: Starting Create list of required static device nodes for the current kernel...
         Starting Create list of required st... nodes for the current kernel...
[   14.517302] systemd[1]: Mounting Debug File System...
         Mounting Debug File System...
[   14.587526] systemd[1]: Starting Load Kernel Modules...
         Starting Load Kernel Modules...
[   14.618838] systemd[1]: Listening on LVM2 poll daemon socket.
[[0;32m  OK  [0m] Listening on LVM2 poll daemon socket.
[   14.631366] systemd[1]: Listening on udev Kernel Socket.
[[0;32m  OK  [0m] Listening on udev Kernel Socket.
[   14.647822] systemd[1]: Mounted Huge Pages File System.
[[0;32m  OK  [0m] Mounted Huge Pages File System.
[   14.663359] systemd[1]: Mounted Debug File System.
[[0;32m  OK  [0m] Mounted Debug File System.
[   14.691279] systemd[1]: Mounted POSIX Message Queue File System.
[[0;32m  OK  [0m] Mounted POSIX Message Queue File System.
[   14.722116] systemd[1]: Started Journal Service.
[[0;32m  OK  [0m] Started Journal Service.
[[0;32m  OK  [0m] Started Remount Root and Kernel File Systems.
[[0;32m  OK  [0m] Started Uncomplicated firewall.
[   14.751334] Loading iSCSI transport class v2.0-870.
[[0;32m  OK  [0m] Started Set console keymap.
[[0;32m  OK  [0m] Started Create list of required sta...ce nodes for the current kernel.
[[   14.836710] iscsi: registered transport (tcp)
[0;32m  OK  [0m] Started Nameserver information manager.
[[0;32m  OK  [0m] Started LVM2 metadata daemon.
         Starting Create Static Device Nodes in /dev...
         Starting Initial cloud-init job (pre-networking)...
[   15.027633] iscsi: registered transport (iser)
         Starting udev Coldplug all Devices...
         Starting Load/Save Random Seed...
         Starting Flush Journal to Persistent Storage...
[[0;32m  OK  [0m] Started Load Kernel Modules.
         Starting Apply Kernel Variables...
         Mounting FUSE Control File System...
[[0;32m  OK  [0m] Mounted FUSE Control File System.
[[0;32m  OK  [0m] Started Load/Save Random Seed.
[[0;32m  OK  [0m] Started udev Coldplug all Devices.
[[0;32m  OK  [0m] Started Apply Kernel Variables.
[[0;32m  OK  [0m] Started Flush Journal to Persistent Storage.
[[0;32m  OK  [0m] Started Monitoring of LVM2 mirrors,...ng dmeventd or progress polling.
[[0;32m  OK  [0m] Started Create Static Device Nodes in /dev.
         Starting udev Kernel Device Manager...
[[0;32m  OK  [0m] Started udev Kernel Device Manager.
[[0;32m  OK  [0m] Started Dispatch Password Requests to Console Directory Watch.
[[0;32m  OK  [0m] Reached target Local File Systems (Pre).
[[0;32m  OK  [0m] Reached target Local File Systems.
         Starting Create Volatile Files and Directories...
         Starting Tell Plymouth To Write Out Runtime Data...
         Starting LSB: AppArmor initialization...
         Starting Set console font and keymap...
[[0;32m  OK  [0m] Started Tell Plymouth To Write Out Runtime Data.
[[0;32m  OK  [0m] Found device /dev/ttyS0.
[[0;32m  OK  [0m] Started Create Volatile Files and Directories.
         Starting Update UTMP about System Boot/Shutdown...
[[0;32m  OK  [0m] Reached target System Time Synchronized.
[[0;32m  OK  [0m] Started Update UTMP about System Boot/Shutdown.
[[0;32m  OK  [0m] Found device 82540EM Gigabit Ethern...r (PRO/1000 MT Desktop Adapter).
[[0;32m  OK  [0m] Started LSB: AppArmor initialization.
[[0;32m  OK  [0m] Listening on Load/Save RF Kill Switch Status /dev/rfkill Watch.
[[0;32m  OK  [0m] Started Set console font and keymap.
[[0;32m  OK  [0m] Created slice system-getty.slice.
[   20.998482] cloud-init[439]: Cloud-init v. 0.7.9 running 'init-local' at Sat, 22 Jul 2017 10:15:07 +0000. Up 20.23 seconds.
[[0;32m  OK  [0m] Started Initial cloud-init job (pre-networking).
[[0;32m  OK  [0m] Reached target Network (Pre).
         Starting Raise network interfaces...
[[0;32m  OK  [0m] Started ifup for enp0s3.
[[0;32m  OK  [0m] Started Raise network interfaces.
         Starting Initial cloud-init job (metadata service crawler)...
[[0;32m  OK  [0m] Reached target Network.
[   22.582068] cloud-init[991]: Cloud-init v. 0.7.9 running 'init' at Sat, 22 Jul 2017 10:15:08 +0000. Up 21.83 seconds.
[   22.615506] cloud-init[991]: ci-info: ++++++++++++++++++++++++++++++++++++++Net device info++++++++++++++++++++++++++++++++++++++
[   22.680935] cloud-init[991]: ci-info: +--------+-------+----------------------------+---------------+-------+-------------------+
[   22.681688] cloud-init[991]: ci-info: | Device |   Up  |          Address           |      Mask     | Scope |     Hw-Address    |
[   22.682426] cloud-init[991]: ci-info: +--------+-------+----------------------------+---------------+-------+-------------------+
[   22.683195] cloud-init[991]: ci-info: |   lo   |  True |         127.0.0.1          |   255.0.0.0   |   .   |         .         |
[   22.684773] cloud-init[991]: ci-info: |   lo   |  True |          ::1/128           |       .       |  host |         .         |
[   22.685526] cloud-init[991]: ci-info: | enp0s8 | False |             .              |       .       |   .   | 08:00:27:d4:f4:ac |
[   22.686264] cloud-init[991]: ci-info: | enp0s3 |  True |         10.0.2.15          | 255.255.255.0 |   .   | 02:d7:1c:16:c9:17 |
[   22.687003] cloud-init[991]: ci-info: | enp0s3 |  True | fe80::d7:1cff:fe16:c917/64 |       .       |  link | 02:d7:1c:16:c9:17 |
[   22.687746] cloud-init[991]: ci-info: +--------+-------+----------------------------+---------------+-------+-------------------+
[   22.688502] cloud-init[991]: ci-info: +++++++++++++++++++++++++++Route IPv4 info++++++++++++++++++++++++++++
[   22.689238] cloud-init[991]: ci-info: +-------+-------------+----------+---------------+-----------+-------+
[   22.690002] cloud-init[991]: ci-info: | Route | Destination | Gateway  |    Genmask    | Interface | Flags |
[   22.690505] cloud-init[991]: ci-info: +-------+-------------+----------+---------------+-----------+-------+
[   22.691317] cloud-init[991]: ci-info: |   0   |   0.0.0.0   | 10.0.2.2 |    0.0.0.0    |   enp0s3  |   UG  |
[   22.692041] cloud-init[991]: ci-info: |   1   |   10.0.2.0  | 0.0.0.0  | 255.255.255.0 |   enp0s3  |   U   |
[   22.692433] cloud-init[991]: ci-info: +-------+-------------+----------+---------------+-----------+-------+
[[0;32m  OK  [0m] Started Initial cloud-init job (metadata service crawler).
[[0;32m  OK  [0m] Reached target Cloud-config availability.
[[0;32m  OK  [0m] Reached target Network is Online.
         Starting iSCSI initiator daemon (iscsid)...
[[0;32m  OK  [0m] Reached target System Initialization.
[[0;32m  OK  [0m] Started ACPI Events Check.
[[0;32m  OK  [0m] Reached target Paths.
[[0;32m  OK  [0m] Listening on ACPID Listen Socket.
[[0;32m  OK  [0m] Started Daily Cleanup of Temporary Directories.
         Starting Socket activation for snappy daemon.
[[0;32m  OK  [0m] Started Daily apt activities.
[[0;32m  OK  [0m] Started Timer to automatically refresh installed snaps.
[[0;32m  OK  [0m] Reached target Timers.
[[0;32m  OK  [0m] Listening on D-Bus System Message Bus Socket.
[[0;32m  OK  [0m] Listening on UUID daemon activation socket.
         Starting LXD - unix socket.
[[0;32m  OK  [0m] Listening on Socket activation for snappy daemon.
[[0;32m  OK  [0m] Listening on LXD - unix socket.
[[0;32m  OK  [0m] Started iSCSI initiator daemon (iscsid).
         Starting Login to default iSCSI targets...
[[0;32m  OK  [0m] Reached target Sockets.
[[0;32m  OK  [0m] Reached target Basic System.
         Starting LXD - container startup/shutdown...
         Starting System Logging Service...
[[0;32m  OK  [0m] Started Unattended Upgrades Shutdown.
         Starting Accounts Service...
         Starting LSB: Record successful boot for GRUB...
[[0;32m  OK  [0m] Started Deferred execution scheduler.
         Starting LSB: MD monitoring daemon...
         Starting OpenBSD Secure Shell server...
[[0;32m  OK  [0m] Started ACPI event daemon.
[[0;32m  OK  [0m] Started Regular background program processing daemon.
[[0;32m  OK  [0m] Started Snappy daemon.
         Starting Auto import assertions from block devices...
[[0;32m  OK  [0m] Started D-Bus System Message Bus.
         Starting /etc/rc.local Compatibility...
         Starting Login Service...
[[0;32m  OK  [0m] Started FUSE filesystem for LXC.
         Starting Apply the settings specified in cloud-config...
[[0;32m  OK  [0m] Started System Logging Service.
[[0;32m  OK  [0m] Started OpenBSD Secure Shell server.
[[0;32m  OK  [0m] Started Auto import assertions from block devices.
[[0;32m  OK  [0m] Started /etc/rc.local Compatibility.
[[0;32m  OK  [0m] Started Login Service.
[[0;32m  OK  [0m] Started LSB: Record successful boot for GRUB.
[[0;32m  OK  [0m] Started Login to default iSCSI targets.
[[0;32m  OK  [0m] Reached target Remote File Systems (Pre).
[[0;32m  OK  [0m] Reached target Remote File Systems.
         Starting LSB: VirtualBox Linux Additions...
         Starting LSB: daemon to balance interrupts for SMP systems...
         Starting LSB: Set the CPU Frequency Scaling governor to "ondemand"...
         Starting LSB: automatic crash report generation...
         Starting Permit User Sessions...
[[0;32m  OK  [0m] Started LSB: Set the CPU Frequency Scaling governor to "ondemand".
[[0;32m  OK  [0m] Started Permit User Sessions.
         Starting Terminate Plymouth Boot Screen...
         Starting Hold until boot process finishes up...
         Starting Authenticate and Authorize Users to Run Privileged Tasks...
[[0;32m  OK  [0m] Started Terminate Plymouth Boot Screen.
[[0;32m  OK  [0m] Started Hold until boot process finishes up.
[[0;32m  OK  [0m] Started Getty on tty1.
         Starting Set console scheme...
[[0;32m  OK  [0m] Started Serial Getty on ttyS0.
[[0;32m  OK  [0m] Reached target Login Prompts.
[[0;32m  OK  [0m] Started LSB: MD monitoring daemon.
[[0;32m  OK  [0m] Started LSB: daemon to balance interrupts for SMP systems.
[[0;32m  OK  [0m] Started LSB: automatic crash report generation.
[[0;32m  OK  [0m] Started Set console scheme.
[[0;32m  OK  [0m] Started Authenticate and Authorize Users to Run Privileged Tasks.
[[0;32m  OK  [0m] Started Accounts Service.
[   26.352421] cloud-init[1100]: Cloud-init v. 0.7.9 running 'modules:config' at Sat, 22 Jul 2017 10:15:12 +0000. Up 25.35 seconds.
[[0;32m  OK  [0m] Started LSB: VirtualBox Linux Additions.
[[0;32m  OK  [0m] Started Apply the settings specified in cloud-config.
[[0;32m  OK  [0m] Created slice User Slice of ubuntu.
         Starting User Manager for UID 1000...
[[0;32m  OK  [0m] Started Session 1 of user ubuntu.
[[0;32m  OK  [0m] Started User Manager for UID 1000.
[[0;32m  OK  [0m] Started LXD - container startup/shutdown.
[[0;32m  OK  [0m] Reached target Multi-User System.
[[0;32m  OK  [0m] Reached target Graphical Interface.
         Starting Execute cloud user/final scripts...
         Starting Update UTMP about System Runlevel Changes...
[[0;32m  OK  [0m] Started Update UTMP about System Runlevel Changes.
[   28.327506] cloud-init[1255]: Cloud-init v. 0.7.9 running 'modules:final' at Sat, 22 Jul 2017 10:15:15 +0000. Up 28.13 seconds.
[   28.445054] cloud-init[1255]: Cloud-init v. 0.7.9 finished at Sat, 22 Jul 2017 10:15:15 +0000. Datasource DataSourceNoCloud [seed=/dev/sdb][dsmode=net].  Up 28.31 seconds
[[0;32m  OK  [0m] Started Execute cloud user/final scripts.
[[0;32m  OK  [0m] Reached target Cloud-init target.

Ubuntu 16.04.2 LTS ubuntu-xenial ttyS0

ubuntu-xenial login: 